// license:BSD-3-Clause
// copyright-holders:Aaron Giles
/******************************************************************************

    tiny.lst

    List of all enabled drivers in the system. This file is parsed by
    makelist.exe, sorted, and output as C code describing the drivers.

******************************************************************************/

aligatoruna
bstars2
evosocc
kof98
lbowling
lresort
mslug
mslug2
mslugx
rotd
samsho2
sengoku3
sdodgeb
sharrier
trally
twinspri
ultennis
thoop2a
touchgo
hrdtimes
maniacsq
stlforce
rbff1
lastbld2
shocktro
samsho4
rbffspec
